<?xml version="1.0" encoding="UTF-8"?>
<!-- Generated by org.testng.reporters.JUnitReportReporter -->
<testsuite hostname="TLP1139" failures="0" tests="3" name="testCases.advanceTest" time="0.005" errors="0" timestamp="2023-09-30T10:17:56 IST" skipped="0">
  <testcase classname="testCases.advanceTest" name="fourthtest" time="0.002"/>
  <system-out/>
  <testcase classname="testCases.advanceTest" name="sixthtest" time="0.002"/>
  <system-out/>
  <testcase classname="testCases.advanceTest" name="fifthtest" time="0.001"/>
  <system-out/>
</testsuite> <!-- testCases.advanceTest -->
