<?xml version="1.0" encoding="UTF-8"?>
<!-- Generated by org.testng.reporters.JUnitReportReporter -->
<testsuite hostname="TLP1139" failures="0" tests="1" name="testCases.Ho" time="34.377" errors="0" timestamp="2023-10-29T10:58:12 IST" skipped="0">
  <testcase classname="testCases.Ho" name="test" time="34.377"/>
  <system-out/>
</testsuite> <!-- testCases.Ho -->
