<?xml version="1.0" encoding="UTF-8"?>
<!-- Generated by org.testng.reporters.JUnitReportReporter -->
<testsuite hostname="TLP1139" failures="0" tests="1" name="testCases.BaseTest" time="63.052" errors="0" timestamp="2023-09-16T09:58:43 IST" skipped="0">
  <testcase classname="testCases.BaseTest" name="demo" time="63.052"/>
  <system-out/>
</testsuite> <!-- testCases.BaseTest -->
