<?xml version="1.0" encoding="UTF-8"?>
<!-- Generated by org.testng.reporters.JUnitReportReporter -->
<testsuite hostname="TLP1139" failures="0" tests="3" name="testCases.basisTest" time="0.014" errors="0" timestamp="2023-09-30T10:15:53 IST" skipped="0">
  <testcase classname="testCases.basisTest" name="secondtest" time="0.001"/>
  <system-out/>
  <testcase classname="testCases.basisTest" name="thirdtest" time="0.002"/>
  <system-out/>
  <testcase classname="testCases.basisTest" name="firsttest" time="0.011"/>
  <system-out/>
</testsuite> <!-- testCases.basisTest -->
