<?xml version="1.0" encoding="UTF-8"?>
<!-- Generated by org.testng.reporters.JUnitReportReporter -->
<testsuite hostname="TLP1139" failures="0" tests="3" name="testCases.basicTest" time="0.012" errors="0" timestamp="2023-10-02T17:08:09 IST" skipped="0">
  <testcase classname="testCases.basicTest" name="thirdtest" time="0.002"/>
  <testcase classname="testCases.basicTest" name="secondtest" time="0.000"/>
  <testcase classname="testCases.basicTest" name="firsttest" time="0.010"/>
</testsuite> <!-- testCases.basicTest -->
