<?xml version="1.0" encoding="UTF-8"?>
<!-- Generated by org.testng.reporters.JUnitReportReporter -->
<testsuite hostname="TLP1139" failures="0" tests="3" name="testCases.basicTest" time="0.011" errors="0" timestamp="2023-09-30T10:34:20 IST" skipped="0">
  <testcase classname="testCases.basicTest" name="thirdtest" time="0.002"/>
  <testcase classname="testCases.basicTest" name="secondtest" time="0.001"/>
  <testcase classname="testCases.basicTest" name="firsttest" time="0.008"/>
</testsuite> <!-- testCases.basicTest -->
