<?xml version="1.0" encoding="UTF-8"?>
<!-- Generated by org.testng.reporters.JUnitReportReporter -->
<testsuite hostname="TLP1139" failures="0" tests="3" name="testCases.advanceTest" time="0.009" errors="0" timestamp="2023-09-30T10:30:24 IST" skipped="0">
  <testcase classname="testCases.advanceTest" name="fourthtest" time="0.000"/>
  <testcase classname="testCases.advanceTest" name="sixthtest" time="0.001"/>
  <testcase classname="testCases.advanceTest" name="fifthtest" time="0.008"/>
</testsuite> <!-- testCases.advanceTest -->
